This is pdfTeX, Version 3.1415926-2.5-1.40.14 (TeX Live 2013/Debian) (format=pdflatex 2014.5.12)  20 MAY 2014 15:23
entering extended mode
 restricted \write18 enabled.
 %&-line parsing enabled.
**tlp2esam.tex
(./tlp2esam.tex
LaTeX2e <2011/06/27>
Babel <3.9f> and hyphenation patterns for 78 languages loaded.
(./tlp.cls
Document Class: tlp 2003/07/15 v2.12 Theory and Practice of Logic Programming 
document class
\c@part=\count79
\c@section=\count80
\c@subsection=\count81
\c@subsubsection=\count82
\c@paragraph=\count83
\c@subparagraph=\count84
\@leftskip=\skip41
\proofsavebox=\box26
\c@table=\count85
\@tempboxb=\box27
\c@figure=\count86
\c@dummy=\count87
\c@mv@program=\count88
LaTeX Font Info:    Encoding `OML' has changed to `OT1' for symbol font
(Font)              `letters' in the math version `program' on input line 1251.

LaTeX Font Info:    Overwriting symbol font `letters' in version `program'
(Font)                  OML/cmm/m/it --> OT1/cmr/m/sl on input line 1251.
LaTeX Font Info:    Overwriting math alphabet `\mathnormal' in version `program
'
(Font)                  OT1/cmr/m/sl --> OT1/cmr/m/sl on input line 1253.
) (./aopmath.sty
\c@mv@zed=\count89
LaTeX Font Info:    Overwriting math alphabet `\mathrm' in version `zed'
(Font)                  OT1/cmr/m/n --> OT1/cmr/m/n on input line 2.
LaTeX Font Info:    Overwriting math alphabet `\mathbf' in version `zed'
(Font)                  OT1/cmr/bx/n --> OT1/cmr/bx/n on input line 3.
LaTeX Font Info:    Overwriting math alphabet `\mathsf' in version `zed'
(Font)                  OT1/cmss/m/n --> OT1/cmss/m/n on input line 4.
LaTeX Font Info:    Overwriting math alphabet `\mathtt' in version `zed'
(Font)                  OT1/cmtt/m/n --> OT1/cmtt/m/n on input line 5.
\symitalics=\mathgroup4
LaTeX Font Info:    Redeclaring math alphabet \mathrm on input line 7.
LaTeX Font Info:    Redeclaring math alphabet \mathit on input line 8.
\symlasy=\mathgroup5
\symAMSa=\mathgroup6
\symAMSb=\mathgroup7
LaTeX Info: Redefining \em on input line 45.
\c@theorem=\count90
\c@fact=\count91
\c@corollary=\count92
\c@proposition=\count93
\mathindent=\dimen102
)
\c@definition=\count94
\c@example=\count95

No file tlp2esam.aux.
\openout1 = `tlp2esam.aux'.

LaTeX Font Info:    Checking defaults for OML/cmm/m/it on input line 12.
LaTeX Font Info:    ... okay on input line 12.
LaTeX Font Info:    Checking defaults for T1/cmr/m/n on input line 12.
LaTeX Font Info:    ... okay on input line 12.
LaTeX Font Info:    Checking defaults for OT1/cmr/m/n on input line 12.
LaTeX Font Info:    ... okay on input line 12.
LaTeX Font Info:    Checking defaults for OMS/cmsy/m/n on input line 12.
LaTeX Font Info:    ... okay on input line 12.
LaTeX Font Info:    Checking defaults for OMX/cmex/m/n on input line 12.
LaTeX Font Info:    ... okay on input line 12.
LaTeX Font Info:    Checking defaults for U/cmr/m/n on input line 12.
LaTeX Font Info:    ... okay on input line 12.
LaTeX Font Info:    External font `cmex10' loaded for size
(Font)              <7> on input line 36.
LaTeX Font Info:    External font `cmex10' loaded for size
(Font)              <5> on input line 36.
LaTeX Font Info:    Try loading font information for U+lasy on input line 36.
(/usr/share/texlive/texmf-dist/tex/latex/base/ulasy.fd
File: ulasy.fd 1998/08/17 v2.2e LaTeX symbol font definitions
)
LaTeX Font Info:    Try loading font information for U+msa on input line 36.

(/usr/share/texlive/texmf-dist/tex/latex/amsfonts/umsa.fd
File: umsa.fd 2013/01/14 v3.01 AMS symbols A
)
LaTeX Font Info:    Try loading font information for U+msb on input line 36.

(/usr/share/texlive/texmf-dist/tex/latex/amsfonts/umsb.fd
File: umsb.fd 2013/01/14 v3.01 AMS symbols B
)

LaTeX Warning: Citation `brewka:plp' on page 1 undefined on input line 66.


LaTeX Warning: Citation `g:97' on page 1 undefined on input line 66.


LaTeX Warning: Citation `yan:plp' on page 1 undefined on input line 66.


LaTeX Warning: Citation `be:aij' on page 1 undefined on input line 70.


LaTeX Warning: Citation `d:plp' on page 1 undefined on input line 70.


LaTeX Warning: Citation `g:97' on page 1 undefined on input line 70.


LaTeX Warning: Citation `w:plp' on page 1 undefined on input line 70.


LaTeX Warning: Citation `apt:94' on page 1 undefined on input line 89.


LaTeX Warning: Citation `lt:lp94' on page 1 undefined on input line 93.


Underfull \hbox (badness 10000) has occurred while \output is active

 []

[1{/var/lib/texmf/fonts/map/pdftex/updmap/pdftex.map}]

LaTeX Warning: Citation `gl:logic' on page 2 undefined on input line 124.


LaTeX Warning: Reference `eq2' on page 2 undefined on input line 151.

[2]
LaTeX Font Info:    External font `cmex10' loaded for size
(Font)              <8> on input line 193.
LaTeX Font Info:    External font `cmex10' loaded for size
(Font)              <6> on input line 193.
LaTeX Font Info:    External font `cmex10' loaded for size
(Font)              <9> on input line 227.


LaTeX Warning: Reference `eq2' on page 3 undefined on input line 244.

[3]

LaTeX Warning: Citation `yan:plp' on page 4 undefined on input line 333.

[4]

LaTeX Warning: Citation `yan:plp' on page 5 undefined on input line 381.

[5] [6] [7]

LaTeX Warning: Citation `lt:lp94' on page 8 undefined on input line 644.

[8]

LaTeX Warning: Citation `apt:94' on page 9 undefined on input line 656.


LaTeX Warning: Citation `ch:stra' on page 9 undefined on input line 656.


LaTeX Warning: Citation `lp:92' on page 9 undefined on input line 656.


LaTeX Warning: Citation `gl:stable' on page 9 undefined on input line 694.

[9]

LaTeX Warning: Citation `gl:stable' on page 10 undefined on input line 742.


LaTeX Warning: Citation `gl:logic' on page 10 undefined on input line 744.

[10] [11] [12]

LaTeX Warning: Citation `yan:00lp' on page 13 undefined on input line 973.


LaTeX Warning: Citation `lt:lp94' on page 13 undefined on input line 978.

[13] [14] [15] [16] [17]

LaTeX Warning: Citation `lt:lp94' on page 18 undefined on input line 1481.


LaTeX Warning: Citation `yan:iclp99' on page 18 undefined on input line 1506.


LaTeX Warning: Citation `d:plp' on page 18 undefined on input line 1516.


LaTeX Warning: Citation `g:97' on page 18 undefined on input line 1516.


LaTeX Warning: Citation `w:plp' on page 18 undefined on input line 1516.

[18]

LaTeX Warning: Citation `ms:98' on page 19 undefined on input line 1531.


LaTeX Warning: Citation `d:plp' on page 19 undefined on input line 1531.


LaTeX Warning: Citation `sw:01' on page 19 undefined on input line 1534.


LaTeX Warning: Citation `lt:lp94' on page 19 undefined on input line 1535.

(./tlp2esam.bbl [19]) [20] (./tlp2esam.aux)

LaTeX Warning: There were undefined references.


LaTeX Warning: Label(s) may have changed. Rerun to get cross-references right.

 ) 
Here is how much of TeX's memory you used:
 630 strings out of 493307
 6183 string characters out of 6139905
 68021 words of memory out of 5000000
 4108 multiletter control sequences out of 15000+600000
 14510 words of font info for 56 fonts, out of 8000000 for 9000
 976 hyphenation exceptions out of 8191
 23i,9n,27p,168b,273s stack positions out of 5000i,500n,10000p,200000b,80000s
</usr/share/texlive/texmf-dist/fonts/type1/public/amsfonts/cm/cmbx10.pfb></us
r/share/texlive/texmf-dist/fonts/type1/public/amsfonts/cm/cmbx8.pfb></usr/share
/texlive/texmf-dist/fonts/type1/public/amsfonts/cm/cmbx9.pfb></usr/share/texliv
e/texmf-dist/fonts/type1/public/amsfonts/cm/cmcsc10.pfb></usr/share/texlive/tex
mf-dist/fonts/type1/public/amsfonts/cm/cmex10.pfb></usr/share/texlive/texmf-dis
t/fonts/type1/public/amsfonts/cm/cmmi10.pfb></usr/share/texlive/texmf-dist/font
s/type1/public/amsfonts/cm/cmmi6.pfb></usr/share/texlive/texmf-dist/fonts/type1
/public/amsfonts/cm/cmmi7.pfb></usr/share/texlive/texmf-dist/fonts/type1/public
/amsfonts/cm/cmmi9.pfb></usr/share/texlive/texmf-dist/fonts/type1/public/amsfon
ts/cm/cmr10.pfb></usr/share/texlive/texmf-dist/fonts/type1/public/amsfonts/cm/c
mr5.pfb></usr/share/texlive/texmf-dist/fonts/type1/public/amsfonts/cm/cmr6.pfb>
</usr/share/texlive/texmf-dist/fonts/type1/public/amsfonts/cm/cmr7.pfb></usr/sh
are/texlive/texmf-dist/fonts/type1/public/amsfonts/cm/cmr8.pfb></usr/share/texl
ive/texmf-dist/fonts/type1/public/amsfonts/cm/cmr9.pfb></usr/share/texlive/texm
f-dist/fonts/type1/public/amsfonts/cm/cmsl10.pfb></usr/share/texlive/texmf-dist
/fonts/type1/public/amsfonts/cm/cmsl8.pfb></usr/share/texlive/texmf-dist/fonts/
type1/public/amsfonts/cm/cmsl9.pfb></usr/share/texlive/texmf-dist/fonts/type1/p
ublic/amsfonts/cm/cmsy10.pfb></usr/share/texlive/texmf-dist/fonts/type1/public/
amsfonts/cm/cmsy5.pfb></usr/share/texlive/texmf-dist/fonts/type1/public/amsfont
s/cm/cmsy6.pfb></usr/share/texlive/texmf-dist/fonts/type1/public/amsfonts/cm/cm
sy7.pfb></usr/share/texlive/texmf-dist/fonts/type1/public/amsfonts/cm/cmsy8.pfb
></usr/share/texlive/texmf-dist/fonts/type1/public/amsfonts/cm/cmsy9.pfb></usr/
share/texlive/texmf-dist/fonts/type1/public/amsfonts/cm/cmti10.pfb></usr/share/
texlive/texmf-dist/fonts/type1/public/amsfonts/cm/cmti12.pfb></usr/share/texliv
e/texmf-dist/fonts/type1/public/amsfonts/cm/cmti7.pfb></usr/share/texlive/texmf
-dist/fonts/type1/public/amsfonts/cm/cmti8.pfb></usr/share/texlive/texmf-dist/f
onts/type1/public/amsfonts/cm/cmti9.pfb>
Output written on tlp2esam.pdf (20 pages, 400333 bytes).
PDF statistics:
 186 PDF objects out of 1000 (max. 8388607)
 133 compressed objects within 2 object streams
 0 named destinations out of 1000 (max. 500000)
 1 words of extra memory for PDF output out of 10000 (max. 10000000)

